# JRE version: Java(TM) SE Runtime Environment (17.0.8+9) (build 17.0.8+9-LTS-211)
# Java VM: Java HotSpot(TM) 64-Bit Server VM (17.0.8+9-LTS-211, mixed mode, sharing, tiered, compressed oops, compressed class ptrs, g1 gc, windows-amd64)
GC Precious Log:
 CPUs: 8 total, 8 available
 Memory: 24398M
 Large Page Support: Disabled
 NUMA Support: Disabled
 Compressed Oops: Enabled (32-bit)
 Heap Region Size: 1M
 Heap Min Capacity: 256M
 Heap Initial Capacity: 256M
 Heap Max Capacity: 512M
 Pre-touch: Disabled
 Parallel Workers: 8
 Concurrent Workers: 2
 Concurrent Refinement Workers: 8
 Periodic GC: Disabled
Heap:
 garbage-first heap   total 262144K, used 150140K [0x00000000e0000000, 0x0000000100000000)
  region size 1024K, 116 young (118784K), 1 survivors (1024K)
 Metaspace       used 47640K, committed 48128K, reserved 393216K
  class space    used 6743K, committed 6976K, reserved 327680K
GC Heap History (14 events):
Event: 1.722 GC heap before
{Heap before GC invocations=0 (full 0):
 garbage-first heap   total 262144K, used 22528K [0x00000000e0000000, 0x0000000100000000)
  region size 1024K, 23 young (23552K), 0 survivors (0K)
 Metaspace       used 1092K, committed 1216K, reserved 393216K
  class space    used 73K, committed 128K, reserved 327680K
}
Event: 2.526 GC heap after
{Heap after GC invocations=1 (full 0):
 garbage-first heap   total 262144K, used 4603K [0x00000000e0000000, 0x0000000100000000)
  region size 1024K, 3 young (3072K), 3 survivors (3072K)
 Metaspace       used 1092K, committed 1216K, reserved 393216K
  class space    used 73K, committed 128K, reserved 327680K
}
Event: 4.446 GC heap before
{Heap before GC invocations=1 (full 0):
 garbage-first heap   total 262144K, used 40443K [0x00000000e0000000, 0x0000000100000000)
  region size 1024K, 35 young (35840K), 3 survivors (3072K)
 Metaspace       used 4354K, committed 4544K, reserved 393216K
  class space    used 541K, committed 640K, reserved 327680K
}
Event: 4.453 GC heap after
{Heap after GC invocations=2 (full 0):
 garbage-first heap   total 262144K, used 11528K [0x00000000e0000000, 0x0000000100000000)
  region size 1024K, 3 young (3072K), 3 survivors (3072K)
 Metaspace       used 4354K, committed 4544K, reserved 393216K
  class space    used 541K, committed 640K, reserved 327680K
}
Event: 6.030 GC heap before
{Heap before GC invocations=2 (full 0):
 garbage-first heap   total 262144K, used 59656K [0x00000000e0000000, 0x0000000100000000)
  region size 1024K, 48 young (49152K), 3 survivors (3072K)
 Metaspace       used 5242K, committed 5440K, reserved 393216K
  class space    used 692K, committed 768K, reserved 327680K
}
Event: 6.037 GC heap after
{Heap after GC invocations=3 (full 0):
 garbage-first heap   total 262144K, used 17485K [0x00000000e0000000, 0x0000000100000000)
  region size 1024K, 6 young (6144K), 6 survivors (6144K)
 Metaspace       used 5242K, committed 5440K, reserved 393216K
  class space    used 692K, committed 768K, reserved 327680K
}
Event: 32.911 GC heap before
{Heap before GC invocations=3 (full 0):
 garbage-first heap   total 262144K, used 118861K [0x00000000e0000000, 0x0000000100000000)
  region size 1024K, 106 young (108544K), 6 survivors (6144K)
 Metaspace       used 21160K, committed 21504K, reserved 393216K
  class space    used 3080K, committed 3264K, reserved 327680K
}
Event: 32.932 GC heap after
{Heap after GC invocations=4 (full 0):
 garbage-first heap   total 262144K, used 24430K [0x00000000e0000000, 0x0000000100000000)
  region size 1024K, 13 young (13312K), 13 survivors (13312K)
 Metaspace       used 21160K, committed 21504K, reserved 393216K
  class space    used 3080K, committed 3264K, reserved 327680K
}
Event: 98.117 GC heap before
{Heap before GC invocations=5 (full 0):
 garbage-first heap   total 262144K, used 158574K [0x00000000e0000000, 0x0000000100000000)
  region size 1024K, 141 young (144384K), 13 survivors (13312K)
 Metaspace       used 36403K, committed 36800K, reserved 393216K
  class space    used 5043K, committed 5248K, reserved 327680K
}
Event: 98.140 GC heap after
{Heap after GC invocations=6 (full 0):
 garbage-first heap   total 262144K, used 34114K [0x00000000e0000000, 0x0000000100000000)
  region size 1024K, 17 young (17408K), 17 survivors (17408K)
 Metaspace       used 36403K, committed 36800K, reserved 393216K
  class space    used 5043K, committed 5248K, reserved 327680K
}
Event: 98.163 GC heap before
{Heap before GC invocations=6 (full 0):
 garbage-first heap   total 262144K, used 34114K [0x00000000e0000000, 0x0000000100000000)
  region size 1024K, 18 young (18432K), 17 survivors (17408K)
 Metaspace       used 36491K, committed 36928K, reserved 393216K
  class space    used 5052K, committed 5248K, reserved 327680K
}
Event: 98.185 GC heap after
{Heap after GC invocations=7 (full 0):
 garbage-first heap   total 262144K, used 33384K [0x00000000e0000000, 0x0000000100000000)
  region size 1024K, 2 young (2048K), 2 survivors (2048K)
 Metaspace       used 36491K, committed 36928K, reserved 393216K
  class space    used 5052K, committed 5248K, reserved 327680K
}
Event: 98.307 GC heap before
{Heap before GC invocations=7 (full 0):
 garbage-first heap   total 262144K, used 35432K [0x00000000e0000000, 0x0000000100000000)
  region size 1024K, 5 young (5120K), 2 survivors (2048K)
 Metaspace       used 36716K, committed 37120K, reserved 393216K
  class space    used 5089K, committed 5312K, reserved 327680K
}
Event: 98.310 GC heap after
{Heap after GC invocations=8 (full 0):
 garbage-first heap   total 262144K, used 32380K [0x00000000e0000000, 0x0000000100000000)
  region size 1024K, 1 young (1024K), 1 survivors (1024K)
 Metaspace       used 36716K, committed 37120K, reserved 393216K
  class space    used 5089K, committed 5312K, reserved 327680K
}

